ERROR - 2025-01-09 05:53:42 --> Error connecting to the database: mysqli_sql_exception: Operation timed out in /Users/taufi/Documents/Untitled/CodeIgniter4/system/Database/MySQLi/Connection.php:187
Stack trace:
#0 /Users/taufi/Documents/Untitled/CodeIgniter4/system/Database/MySQLi/Connection.php(187): mysqli->real_connect('sql310.iceiy.co...', 'icei_38055647', 'tyQsLnbMUAal', 'icei_38055647_s...', 3306, '', 0)
#1 /Users/taufi/Documents/Untitled/CodeIgniter4/system/Database/BaseConnection.php(421): CodeIgniter\Database\MySQLi\Connection->connect(false)
#2 /Users/taufi/Documents/Untitled/CodeIgniter4/system/Database/BaseConnection.php(616): CodeIgniter\Database\BaseConnection->initialize()
#3 /Users/taufi/Documents/Untitled/CodeIgniter4/system/Database/BaseBuilder.php(1644): CodeIgniter\Database\BaseConnection->query('SELECT *\nFROM `...', Array, false)
#4 /Users/taufi/Documents/Untitled/CodeIgniter4/system/Model.php(330): CodeIgniter\Database\BaseBuilder->get()
#5 /Users/taufi/Documents/Untitled/CodeIgniter4/system/BaseModel.php(713): CodeIgniter\Model->doFirst()
#6 /Users/taufi/Documents/Untitled/CodeIgniter4/app/Controllers/AuthController.php(53): CodeIgniter\BaseModel->first()
#7 /Users/taufi/Documents/Untitled/CodeIgniter4/system/CodeIgniter.php(933): App\Controllers\AuthController->login()
#8 /Users/taufi/Documents/Untitled/CodeIgniter4/system/CodeIgniter.php(509): CodeIgniter\CodeIgniter->runController(Object(App\Controllers\AuthController))
#9 /Users/taufi/Documents/Untitled/CodeIgniter4/system/CodeIgniter.php(355): CodeIgniter\CodeIgniter->handleRequest(NULL, Object(Config\Cache), false)
#10 /Users/taufi/Documents/Untitled/CodeIgniter4/system/Boot.php(325): CodeIgniter\CodeIgniter->run()
#11 /Users/taufi/Documents/Untitled/CodeIgniter4/system/Boot.php(67): CodeIgniter\Boot::runCodeIgniter(Object(CodeIgniter\CodeIgniter))
#12 /Users/taufi/Documents/Untitled/CodeIgniter4/public/index.php(56): CodeIgniter\Boot::bootWeb(Object(Config\Paths))
#13 /Users/taufi/Documents/Untitled/CodeIgniter4/system/rewrite.php(44): require_once('/Users/taufi/Do...')
#14 {main}

Next CodeIgniter\Database\Exceptions\DatabaseException: Operation timed out in /Users/taufi/Documents/Untitled/CodeIgniter4/system/Database/MySQLi/Connection.php:231
Stack trace:
#0 /Users/taufi/Documents/Untitled/CodeIgniter4/system/Database/BaseConnection.php(421): CodeIgniter\Database\MySQLi\Connection->connect(false)
#1 /Users/taufi/Documents/Untitled/CodeIgniter4/system/Database/BaseConnection.php(616): CodeIgniter\Database\BaseConnection->initialize()
#2 /Users/taufi/Documents/Untitled/CodeIgniter4/system/Database/BaseBuilder.php(1644): CodeIgniter\Database\BaseConnection->query('SELECT *\nFROM `...', Array, false)
#3 /Users/taufi/Documents/Untitled/CodeIgniter4/system/Model.php(330): CodeIgniter\Database\BaseBuilder->get()
#4 /Users/taufi/Documents/Untitled/CodeIgniter4/system/BaseModel.php(713): CodeIgniter\Model->doFirst()
#5 /Users/taufi/Documents/Untitled/CodeIgniter4/app/Controllers/AuthController.php(53): CodeIgniter\BaseModel->first()
#6 /Users/taufi/Documents/Untitled/CodeIgniter4/system/CodeIgniter.php(933): App\Controllers\AuthController->login()
#7 /Users/taufi/Documents/Untitled/CodeIgniter4/system/CodeIgniter.php(509): CodeIgniter\CodeIgniter->runController(Object(App\Controllers\AuthController))
#8 /Users/taufi/Documents/Untitled/CodeIgniter4/system/CodeIgniter.php(355): CodeIgniter\CodeIgniter->handleRequest(NULL, Object(Config\Cache), false)
#9 /Users/taufi/Documents/Untitled/CodeIgniter4/system/Boot.php(325): CodeIgniter\CodeIgniter->run()
#10 /Users/taufi/Documents/Untitled/CodeIgniter4/system/Boot.php(67): CodeIgniter\Boot::runCodeIgniter(Object(CodeIgniter\CodeIgniter))
#11 /Users/taufi/Documents/Untitled/CodeIgniter4/public/index.php(56): CodeIgniter\Boot::bootWeb(Object(Config\Paths))
#12 /Users/taufi/Documents/Untitled/CodeIgniter4/system/rewrite.php(44): require_once('/Users/taufi/Do...')
#13 {main}
CRITICAL - 2025-01-09 05:53:42 --> CodeIgniter\Database\Exceptions\DatabaseException: Unable to connect to the database.
Main connection [MySQLi]: Operation timed out
[Method: POST, Route: auth/login]
in SYSTEMPATH/Database/BaseConnection.php on line 467.
 1 SYSTEMPATH/Database/BaseConnection.php(616): CodeIgniter\Database\BaseConnection->initialize()
 2 SYSTEMPATH/Database/BaseBuilder.php(1644): CodeIgniter\Database\BaseConnection->query('SELECT *
FROM `users`
WHERE `username` = :username:
 LIMIT 1', [...], false)
 3 SYSTEMPATH/Model.php(330): CodeIgniter\Database\BaseBuilder->get()
 4 SYSTEMPATH/BaseModel.php(713): CodeIgniter\Model->doFirst()
 5 APPPATH/Controllers/AuthController.php(53): CodeIgniter\BaseModel->first()
 6 SYSTEMPATH/CodeIgniter.php(933): App\Controllers\AuthController->login()
 7 SYSTEMPATH/CodeIgniter.php(509): CodeIgniter\CodeIgniter->runController(Object(App\Controllers\AuthController))
 8 SYSTEMPATH/CodeIgniter.php(355): CodeIgniter\CodeIgniter->handleRequest(null, Object(Config\Cache), false)
 9 SYSTEMPATH/Boot.php(325): CodeIgniter\CodeIgniter->run()
10 SYSTEMPATH/Boot.php(67): CodeIgniter\Boot::runCodeIgniter(Object(CodeIgniter\CodeIgniter))
11 FCPATH/index.php(56): CodeIgniter\Boot::bootWeb(Object(Config\Paths))
12 SYSTEMPATH/rewrite.php(44): require_once('/Users/taufi/Documents/Untitled/CodeIgniter4/public/index.php')
ERROR - 2025-01-09 05:53:42 --> Error connecting to the database: mysqli_sql_exception: Host is down in /Users/taufi/Documents/Untitled/CodeIgniter4/system/Database/MySQLi/Connection.php:187
Stack trace:
#0 /Users/taufi/Documents/Untitled/CodeIgniter4/system/Database/MySQLi/Connection.php(187): mysqli->real_connect('sql310.iceiy.co...', 'icei_38055647', 'tyQsLnbMUAal', 'icei_38055647_s...', 3306, '', 0)
#1 /Users/taufi/Documents/Untitled/CodeIgniter4/system/Database/BaseConnection.php(421): CodeIgniter\Database\MySQLi\Connection->connect(false)
#2 /Users/taufi/Documents/Untitled/CodeIgniter4/system/Database/BaseConnection.php(616): CodeIgniter\Database\BaseConnection->initialize()
#3 /Users/taufi/Documents/Untitled/CodeIgniter4/system/Database/BaseBuilder.php(1644): CodeIgniter\Database\BaseConnection->query('SELECT *\nFROM `...', Array, false)
#4 /Users/taufi/Documents/Untitled/CodeIgniter4/system/Model.php(330): CodeIgniter\Database\BaseBuilder->get()
#5 /Users/taufi/Documents/Untitled/CodeIgniter4/system/BaseModel.php(713): CodeIgniter\Model->doFirst()
#6 /Users/taufi/Documents/Untitled/CodeIgniter4/app/Controllers/AuthController.php(53): CodeIgniter\BaseModel->first()
#7 /Users/taufi/Documents/Untitled/CodeIgniter4/system/CodeIgniter.php(933): App\Controllers\AuthController->login()
#8 /Users/taufi/Documents/Untitled/CodeIgniter4/system/CodeIgniter.php(509): CodeIgniter\CodeIgniter->runController(Object(App\Controllers\AuthController))
#9 /Users/taufi/Documents/Untitled/CodeIgniter4/system/CodeIgniter.php(355): CodeIgniter\CodeIgniter->handleRequest(NULL, Object(Config\Cache), false)
#10 /Users/taufi/Documents/Untitled/CodeIgniter4/system/Boot.php(325): CodeIgniter\CodeIgniter->run()
#11 /Users/taufi/Documents/Untitled/CodeIgniter4/system/Boot.php(67): CodeIgniter\Boot::runCodeIgniter(Object(CodeIgniter\CodeIgniter))
#12 /Users/taufi/Documents/Untitled/CodeIgniter4/public/index.php(56): CodeIgniter\Boot::bootWeb(Object(Config\Paths))
#13 /Users/taufi/Documents/Untitled/CodeIgniter4/system/rewrite.php(44): require_once('/Users/taufi/Do...')
#14 {main}

Next CodeIgniter\Database\Exceptions\DatabaseException: Host is down in /Users/taufi/Documents/Untitled/CodeIgniter4/system/Database/MySQLi/Connection.php:231
Stack trace:
#0 /Users/taufi/Documents/Untitled/CodeIgniter4/system/Database/BaseConnection.php(421): CodeIgniter\Database\MySQLi\Connection->connect(false)
#1 /Users/taufi/Documents/Untitled/CodeIgniter4/system/Database/BaseConnection.php(616): CodeIgniter\Database\BaseConnection->initialize()
#2 /Users/taufi/Documents/Untitled/CodeIgniter4/system/Database/BaseBuilder.php(1644): CodeIgniter\Database\BaseConnection->query('SELECT *\nFROM `...', Array, false)
#3 /Users/taufi/Documents/Untitled/CodeIgniter4/system/Model.php(330): CodeIgniter\Database\BaseBuilder->get()
#4 /Users/taufi/Documents/Untitled/CodeIgniter4/system/BaseModel.php(713): CodeIgniter\Model->doFirst()
#5 /Users/taufi/Documents/Untitled/CodeIgniter4/app/Controllers/AuthController.php(53): CodeIgniter\BaseModel->first()
#6 /Users/taufi/Documents/Untitled/CodeIgniter4/system/CodeIgniter.php(933): App\Controllers\AuthController->login()
#7 /Users/taufi/Documents/Untitled/CodeIgniter4/system/CodeIgniter.php(509): CodeIgniter\CodeIgniter->runController(Object(App\Controllers\AuthController))
#8 /Users/taufi/Documents/Untitled/CodeIgniter4/system/CodeIgniter.php(355): CodeIgniter\CodeIgniter->handleRequest(NULL, Object(Config\Cache), false)
#9 /Users/taufi/Documents/Untitled/CodeIgniter4/system/Boot.php(325): CodeIgniter\CodeIgniter->run()
#10 /Users/taufi/Documents/Untitled/CodeIgniter4/system/Boot.php(67): CodeIgniter\Boot::runCodeIgniter(Object(CodeIgniter\CodeIgniter))
#11 /Users/taufi/Documents/Untitled/CodeIgniter4/public/index.php(56): CodeIgniter\Boot::bootWeb(Object(Config\Paths))
#12 /Users/taufi/Documents/Untitled/CodeIgniter4/system/rewrite.php(44): require_once('/Users/taufi/Do...')
#13 {main}
CRITICAL - 2025-01-09 05:53:42 --> CodeIgniter\Database\Exceptions\DatabaseException: Unable to connect to the database.
Main connection [MySQLi]: Host is down
[Method: POST, Route: auth/login]
in SYSTEMPATH/Database/BaseConnection.php on line 467.
 1 SYSTEMPATH/Database/BaseConnection.php(616): CodeIgniter\Database\BaseConnection->initialize()
 2 SYSTEMPATH/Database/BaseBuilder.php(1644): CodeIgniter\Database\BaseConnection->query('SELECT *
FROM `users`
WHERE `username` = :username:
 LIMIT 1', [...], false)
 3 SYSTEMPATH/Model.php(330): CodeIgniter\Database\BaseBuilder->get()
 4 SYSTEMPATH/BaseModel.php(713): CodeIgniter\Model->doFirst()
 5 APPPATH/Controllers/AuthController.php(53): CodeIgniter\BaseModel->first()
 6 SYSTEMPATH/CodeIgniter.php(933): App\Controllers\AuthController->login()
 7 SYSTEMPATH/CodeIgniter.php(509): CodeIgniter\CodeIgniter->runController(Object(App\Controllers\AuthController))
 8 SYSTEMPATH/CodeIgniter.php(355): CodeIgniter\CodeIgniter->handleRequest(null, Object(Config\Cache), false)
 9 SYSTEMPATH/Boot.php(325): CodeIgniter\CodeIgniter->run()
10 SYSTEMPATH/Boot.php(67): CodeIgniter\Boot::runCodeIgniter(Object(CodeIgniter\CodeIgniter))
11 FCPATH/index.php(56): CodeIgniter\Boot::bootWeb(Object(Config\Paths))
12 SYSTEMPATH/rewrite.php(44): require_once('/Users/taufi/Documents/Untitled/CodeIgniter4/public/index.php')
ERROR - 2025-01-09 05:53:42 --> Error connecting to the database: mysqli_sql_exception: Host is down in /Users/taufi/Documents/Untitled/CodeIgniter4/system/Database/MySQLi/Connection.php:187
Stack trace:
#0 /Users/taufi/Documents/Untitled/CodeIgniter4/system/Database/MySQLi/Connection.php(187): mysqli->real_connect('sql310.iceiy.co...', 'icei_38055647', 'tyQsLnbMUAal', 'icei_38055647_s...', 3306, '', 0)
#1 /Users/taufi/Documents/Untitled/CodeIgniter4/system/Database/BaseConnection.php(421): CodeIgniter\Database\MySQLi\Connection->connect(false)
#2 /Users/taufi/Documents/Untitled/CodeIgniter4/system/Database/BaseConnection.php(616): CodeIgniter\Database\BaseConnection->initialize()
#3 /Users/taufi/Documents/Untitled/CodeIgniter4/system/Database/BaseBuilder.php(1644): CodeIgniter\Database\BaseConnection->query('SELECT *\nFROM `...', Array, false)
#4 /Users/taufi/Documents/Untitled/CodeIgniter4/system/Model.php(330): CodeIgniter\Database\BaseBuilder->get()
#5 /Users/taufi/Documents/Untitled/CodeIgniter4/system/BaseModel.php(713): CodeIgniter\Model->doFirst()
#6 /Users/taufi/Documents/Untitled/CodeIgniter4/app/Controllers/AuthController.php(53): CodeIgniter\BaseModel->first()
#7 /Users/taufi/Documents/Untitled/CodeIgniter4/system/CodeIgniter.php(933): App\Controllers\AuthController->login()
#8 /Users/taufi/Documents/Untitled/CodeIgniter4/system/CodeIgniter.php(509): CodeIgniter\CodeIgniter->runController(Object(App\Controllers\AuthController))
#9 /Users/taufi/Documents/Untitled/CodeIgniter4/system/CodeIgniter.php(355): CodeIgniter\CodeIgniter->handleRequest(NULL, Object(Config\Cache), false)
#10 /Users/taufi/Documents/Untitled/CodeIgniter4/system/Boot.php(325): CodeIgniter\CodeIgniter->run()
#11 /Users/taufi/Documents/Untitled/CodeIgniter4/system/Boot.php(67): CodeIgniter\Boot::runCodeIgniter(Object(CodeIgniter\CodeIgniter))
#12 /Users/taufi/Documents/Untitled/CodeIgniter4/public/index.php(56): CodeIgniter\Boot::bootWeb(Object(Config\Paths))
#13 /Users/taufi/Documents/Untitled/CodeIgniter4/system/rewrite.php(44): require_once('/Users/taufi/Do...')
#14 {main}

Next CodeIgniter\Database\Exceptions\DatabaseException: Host is down in /Users/taufi/Documents/Untitled/CodeIgniter4/system/Database/MySQLi/Connection.php:231
Stack trace:
#0 /Users/taufi/Documents/Untitled/CodeIgniter4/system/Database/BaseConnection.php(421): CodeIgniter\Database\MySQLi\Connection->connect(false)
#1 /Users/taufi/Documents/Untitled/CodeIgniter4/system/Database/BaseConnection.php(616): CodeIgniter\Database\BaseConnection->initialize()
#2 /Users/taufi/Documents/Untitled/CodeIgniter4/system/Database/BaseBuilder.php(1644): CodeIgniter\Database\BaseConnection->query('SELECT *\nFROM `...', Array, false)
#3 /Users/taufi/Documents/Untitled/CodeIgniter4/system/Model.php(330): CodeIgniter\Database\BaseBuilder->get()
#4 /Users/taufi/Documents/Untitled/CodeIgniter4/system/BaseModel.php(713): CodeIgniter\Model->doFirst()
#5 /Users/taufi/Documents/Untitled/CodeIgniter4/app/Controllers/AuthController.php(53): CodeIgniter\BaseModel->first()
#6 /Users/taufi/Documents/Untitled/CodeIgniter4/system/CodeIgniter.php(933): App\Controllers\AuthController->login()
#7 /Users/taufi/Documents/Untitled/CodeIgniter4/system/CodeIgniter.php(509): CodeIgniter\CodeIgniter->runController(Object(App\Controllers\AuthController))
#8 /Users/taufi/Documents/Untitled/CodeIgniter4/system/CodeIgniter.php(355): CodeIgniter\CodeIgniter->handleRequest(NULL, Object(Config\Cache), false)
#9 /Users/taufi/Documents/Untitled/CodeIgniter4/system/Boot.php(325): CodeIgniter\CodeIgniter->run()
#10 /Users/taufi/Documents/Untitled/CodeIgniter4/system/Boot.php(67): CodeIgniter\Boot::runCodeIgniter(Object(CodeIgniter\CodeIgniter))
#11 /Users/taufi/Documents/Untitled/CodeIgniter4/public/index.php(56): CodeIgniter\Boot::bootWeb(Object(Config\Paths))
#12 /Users/taufi/Documents/Untitled/CodeIgniter4/system/rewrite.php(44): require_once('/Users/taufi/Do...')
#13 {main}
CRITICAL - 2025-01-09 05:53:42 --> CodeIgniter\Database\Exceptions\DatabaseException: Unable to connect to the database.
Main connection [MySQLi]: Host is down
[Method: POST, Route: auth/login]
in SYSTEMPATH/Database/BaseConnection.php on line 467.
 1 SYSTEMPATH/Database/BaseConnection.php(616): CodeIgniter\Database\BaseConnection->initialize()
 2 SYSTEMPATH/Database/BaseBuilder.php(1644): CodeIgniter\Database\BaseConnection->query('SELECT *
FROM `users`
WHERE `username` = :username:
 LIMIT 1', [...], false)
 3 SYSTEMPATH/Model.php(330): CodeIgniter\Database\BaseBuilder->get()
 4 SYSTEMPATH/BaseModel.php(713): CodeIgniter\Model->doFirst()
 5 APPPATH/Controllers/AuthController.php(53): CodeIgniter\BaseModel->first()
 6 SYSTEMPATH/CodeIgniter.php(933): App\Controllers\AuthController->login()
 7 SYSTEMPATH/CodeIgniter.php(509): CodeIgniter\CodeIgniter->runController(Object(App\Controllers\AuthController))
 8 SYSTEMPATH/CodeIgniter.php(355): CodeIgniter\CodeIgniter->handleRequest(null, Object(Config\Cache), false)
 9 SYSTEMPATH/Boot.php(325): CodeIgniter\CodeIgniter->run()
10 SYSTEMPATH/Boot.php(67): CodeIgniter\Boot::runCodeIgniter(Object(CodeIgniter\CodeIgniter))
11 FCPATH/index.php(56): CodeIgniter\Boot::bootWeb(Object(Config\Paths))
12 SYSTEMPATH/rewrite.php(44): require_once('/Users/taufi/Documents/Untitled/CodeIgniter4/public/index.php')
ERROR - 2025-01-09 05:55:34 --> Error connecting to the database: mysqli_sql_exception: Operation timed out in /Users/taufi/Documents/Untitled/CodeIgniter4/system/Database/MySQLi/Connection.php:187
Stack trace:
#0 /Users/taufi/Documents/Untitled/CodeIgniter4/system/Database/MySQLi/Connection.php(187): mysqli->real_connect('sql310.iceiy.co...', 'icei_38055647', 'tyQsLnbMUAal', 'icei_38055647_s...', 3306, '', 0)
#1 /Users/taufi/Documents/Untitled/CodeIgniter4/system/Database/BaseConnection.php(421): CodeIgniter\Database\MySQLi\Connection->connect(false)
#2 /Users/taufi/Documents/Untitled/CodeIgniter4/system/Database/BaseConnection.php(616): CodeIgniter\Database\BaseConnection->initialize()
#3 /Users/taufi/Documents/Untitled/CodeIgniter4/system/Database/BaseBuilder.php(1644): CodeIgniter\Database\BaseConnection->query('SELECT *\nFROM `...', Array, false)
#4 /Users/taufi/Documents/Untitled/CodeIgniter4/system/Model.php(330): CodeIgniter\Database\BaseBuilder->get()
#5 /Users/taufi/Documents/Untitled/CodeIgniter4/system/BaseModel.php(713): CodeIgniter\Model->doFirst()
#6 /Users/taufi/Documents/Untitled/CodeIgniter4/app/Controllers/AuthController.php(53): CodeIgniter\BaseModel->first()
#7 /Users/taufi/Documents/Untitled/CodeIgniter4/system/CodeIgniter.php(933): App\Controllers\AuthController->login()
#8 /Users/taufi/Documents/Untitled/CodeIgniter4/system/CodeIgniter.php(509): CodeIgniter\CodeIgniter->runController(Object(App\Controllers\AuthController))
#9 /Users/taufi/Documents/Untitled/CodeIgniter4/system/CodeIgniter.php(355): CodeIgniter\CodeIgniter->handleRequest(NULL, Object(Config\Cache), false)
#10 /Users/taufi/Documents/Untitled/CodeIgniter4/system/Boot.php(325): CodeIgniter\CodeIgniter->run()
#11 /Users/taufi/Documents/Untitled/CodeIgniter4/system/Boot.php(67): CodeIgniter\Boot::runCodeIgniter(Object(CodeIgniter\CodeIgniter))
#12 /Users/taufi/Documents/Untitled/CodeIgniter4/public/index.php(56): CodeIgniter\Boot::bootWeb(Object(Config\Paths))
#13 /Users/taufi/Documents/Untitled/CodeIgniter4/system/rewrite.php(44): require_once('/Users/taufi/Do...')
#14 {main}

Next CodeIgniter\Database\Exceptions\DatabaseException: Operation timed out in /Users/taufi/Documents/Untitled/CodeIgniter4/system/Database/MySQLi/Connection.php:231
Stack trace:
#0 /Users/taufi/Documents/Untitled/CodeIgniter4/system/Database/BaseConnection.php(421): CodeIgniter\Database\MySQLi\Connection->connect(false)
#1 /Users/taufi/Documents/Untitled/CodeIgniter4/system/Database/BaseConnection.php(616): CodeIgniter\Database\BaseConnection->initialize()
#2 /Users/taufi/Documents/Untitled/CodeIgniter4/system/Database/BaseBuilder.php(1644): CodeIgniter\Database\BaseConnection->query('SELECT *\nFROM `...', Array, false)
#3 /Users/taufi/Documents/Untitled/CodeIgniter4/system/Model.php(330): CodeIgniter\Database\BaseBuilder->get()
#4 /Users/taufi/Documents/Untitled/CodeIgniter4/system/BaseModel.php(713): CodeIgniter\Model->doFirst()
#5 /Users/taufi/Documents/Untitled/CodeIgniter4/app/Controllers/AuthController.php(53): CodeIgniter\BaseModel->first()
#6 /Users/taufi/Documents/Untitled/CodeIgniter4/system/CodeIgniter.php(933): App\Controllers\AuthController->login()
#7 /Users/taufi/Documents/Untitled/CodeIgniter4/system/CodeIgniter.php(509): CodeIgniter\CodeIgniter->runController(Object(App\Controllers\AuthController))
#8 /Users/taufi/Documents/Untitled/CodeIgniter4/system/CodeIgniter.php(355): CodeIgniter\CodeIgniter->handleRequest(NULL, Object(Config\Cache), false)
#9 /Users/taufi/Documents/Untitled/CodeIgniter4/system/Boot.php(325): CodeIgniter\CodeIgniter->run()
#10 /Users/taufi/Documents/Untitled/CodeIgniter4/system/Boot.php(67): CodeIgniter\Boot::runCodeIgniter(Object(CodeIgniter\CodeIgniter))
#11 /Users/taufi/Documents/Untitled/CodeIgniter4/public/index.php(56): CodeIgniter\Boot::bootWeb(Object(Config\Paths))
#12 /Users/taufi/Documents/Untitled/CodeIgniter4/system/rewrite.php(44): require_once('/Users/taufi/Do...')
#13 {main}
CRITICAL - 2025-01-09 05:55:34 --> CodeIgniter\Database\Exceptions\DatabaseException: Unable to connect to the database.
Main connection [MySQLi]: Operation timed out
[Method: POST, Route: auth/login]
in SYSTEMPATH/Database/BaseConnection.php on line 467.
 1 SYSTEMPATH/Database/BaseConnection.php(616): CodeIgniter\Database\BaseConnection->initialize()
 2 SYSTEMPATH/Database/BaseBuilder.php(1644): CodeIgniter\Database\BaseConnection->query('SELECT *
FROM `users`
WHERE `username` = :username:
 LIMIT 1', [...], false)
 3 SYSTEMPATH/Model.php(330): CodeIgniter\Database\BaseBuilder->get()
 4 SYSTEMPATH/BaseModel.php(713): CodeIgniter\Model->doFirst()
 5 APPPATH/Controllers/AuthController.php(53): CodeIgniter\BaseModel->first()
 6 SYSTEMPATH/CodeIgniter.php(933): App\Controllers\AuthController->login()
 7 SYSTEMPATH/CodeIgniter.php(509): CodeIgniter\CodeIgniter->runController(Object(App\Controllers\AuthController))
 8 SYSTEMPATH/CodeIgniter.php(355): CodeIgniter\CodeIgniter->handleRequest(null, Object(Config\Cache), false)
 9 SYSTEMPATH/Boot.php(325): CodeIgniter\CodeIgniter->run()
10 SYSTEMPATH/Boot.php(67): CodeIgniter\Boot::runCodeIgniter(Object(CodeIgniter\CodeIgniter))
11 FCPATH/index.php(56): CodeIgniter\Boot::bootWeb(Object(Config\Paths))
12 SYSTEMPATH/rewrite.php(44): require_once('/Users/taufi/Documents/Untitled/CodeIgniter4/public/index.php')
ERROR - 2025-01-09 05:55:34 --> Error connecting to the database: mysqli_sql_exception: Host is down in /Users/taufi/Documents/Untitled/CodeIgniter4/system/Database/MySQLi/Connection.php:187
Stack trace:
#0 /Users/taufi/Documents/Untitled/CodeIgniter4/system/Database/MySQLi/Connection.php(187): mysqli->real_connect('sql310.iceiy.co...', 'icei_38055647', 'tyQsLnbMUAal', 'icei_38055647_s...', 3306, '', 0)
#1 /Users/taufi/Documents/Untitled/CodeIgniter4/system/Database/BaseConnection.php(421): CodeIgniter\Database\MySQLi\Connection->connect(false)
#2 /Users/taufi/Documents/Untitled/CodeIgniter4/system/Database/BaseConnection.php(616): CodeIgniter\Database\BaseConnection->initialize()
#3 /Users/taufi/Documents/Untitled/CodeIgniter4/system/Database/BaseBuilder.php(1644): CodeIgniter\Database\BaseConnection->query('SELECT *\nFROM `...', Array, false)
#4 /Users/taufi/Documents/Untitled/CodeIgniter4/system/Model.php(330): CodeIgniter\Database\BaseBuilder->get()
#5 /Users/taufi/Documents/Untitled/CodeIgniter4/system/BaseModel.php(713): CodeIgniter\Model->doFirst()
#6 /Users/taufi/Documents/Untitled/CodeIgniter4/app/Controllers/AuthController.php(53): CodeIgniter\BaseModel->first()
#7 /Users/taufi/Documents/Untitled/CodeIgniter4/system/CodeIgniter.php(933): App\Controllers\AuthController->login()
#8 /Users/taufi/Documents/Untitled/CodeIgniter4/system/CodeIgniter.php(509): CodeIgniter\CodeIgniter->runController(Object(App\Controllers\AuthController))
#9 /Users/taufi/Documents/Untitled/CodeIgniter4/system/CodeIgniter.php(355): CodeIgniter\CodeIgniter->handleRequest(NULL, Object(Config\Cache), false)
#10 /Users/taufi/Documents/Untitled/CodeIgniter4/system/Boot.php(325): CodeIgniter\CodeIgniter->run()
#11 /Users/taufi/Documents/Untitled/CodeIgniter4/system/Boot.php(67): CodeIgniter\Boot::runCodeIgniter(Object(CodeIgniter\CodeIgniter))
#12 /Users/taufi/Documents/Untitled/CodeIgniter4/public/index.php(56): CodeIgniter\Boot::bootWeb(Object(Config\Paths))
#13 /Users/taufi/Documents/Untitled/CodeIgniter4/system/rewrite.php(44): require_once('/Users/taufi/Do...')
#14 {main}

Next CodeIgniter\Database\Exceptions\DatabaseException: Host is down in /Users/taufi/Documents/Untitled/CodeIgniter4/system/Database/MySQLi/Connection.php:231
Stack trace:
#0 /Users/taufi/Documents/Untitled/CodeIgniter4/system/Database/BaseConnection.php(421): CodeIgniter\Database\MySQLi\Connection->connect(false)
#1 /Users/taufi/Documents/Untitled/CodeIgniter4/system/Database/BaseConnection.php(616): CodeIgniter\Database\BaseConnection->initialize()
#2 /Users/taufi/Documents/Untitled/CodeIgniter4/system/Database/BaseBuilder.php(1644): CodeIgniter\Database\BaseConnection->query('SELECT *\nFROM `...', Array, false)
#3 /Users/taufi/Documents/Untitled/CodeIgniter4/system/Model.php(330): CodeIgniter\Database\BaseBuilder->get()
#4 /Users/taufi/Documents/Untitled/CodeIgniter4/system/BaseModel.php(713): CodeIgniter\Model->doFirst()
#5 /Users/taufi/Documents/Untitled/CodeIgniter4/app/Controllers/AuthController.php(53): CodeIgniter\BaseModel->first()
#6 /Users/taufi/Documents/Untitled/CodeIgniter4/system/CodeIgniter.php(933): App\Controllers\AuthController->login()
#7 /Users/taufi/Documents/Untitled/CodeIgniter4/system/CodeIgniter.php(509): CodeIgniter\CodeIgniter->runController(Object(App\Controllers\AuthController))
#8 /Users/taufi/Documents/Untitled/CodeIgniter4/system/CodeIgniter.php(355): CodeIgniter\CodeIgniter->handleRequest(NULL, Object(Config\Cache), false)
#9 /Users/taufi/Documents/Untitled/CodeIgniter4/system/Boot.php(325): CodeIgniter\CodeIgniter->run()
#10 /Users/taufi/Documents/Untitled/CodeIgniter4/system/Boot.php(67): CodeIgniter\Boot::runCodeIgniter(Object(CodeIgniter\CodeIgniter))
#11 /Users/taufi/Documents/Untitled/CodeIgniter4/public/index.php(56): CodeIgniter\Boot::bootWeb(Object(Config\Paths))
#12 /Users/taufi/Documents/Untitled/CodeIgniter4/system/rewrite.php(44): require_once('/Users/taufi/Do...')
#13 {main}
CRITICAL - 2025-01-09 05:55:34 --> CodeIgniter\Database\Exceptions\DatabaseException: Unable to connect to the database.
Main connection [MySQLi]: Host is down
[Method: POST, Route: auth/login]
in SYSTEMPATH/Database/BaseConnection.php on line 467.
 1 SYSTEMPATH/Database/BaseConnection.php(616): CodeIgniter\Database\BaseConnection->initialize()
 2 SYSTEMPATH/Database/BaseBuilder.php(1644): CodeIgniter\Database\BaseConnection->query('SELECT *
FROM `users`
WHERE `username` = :username:
 LIMIT 1', [...], false)
 3 SYSTEMPATH/Model.php(330): CodeIgniter\Database\BaseBuilder->get()
 4 SYSTEMPATH/BaseModel.php(713): CodeIgniter\Model->doFirst()
 5 APPPATH/Controllers/AuthController.php(53): CodeIgniter\BaseModel->first()
 6 SYSTEMPATH/CodeIgniter.php(933): App\Controllers\AuthController->login()
 7 SYSTEMPATH/CodeIgniter.php(509): CodeIgniter\CodeIgniter->runController(Object(App\Controllers\AuthController))
 8 SYSTEMPATH/CodeIgniter.php(355): CodeIgniter\CodeIgniter->handleRequest(null, Object(Config\Cache), false)
 9 SYSTEMPATH/Boot.php(325): CodeIgniter\CodeIgniter->run()
10 SYSTEMPATH/Boot.php(67): CodeIgniter\Boot::runCodeIgniter(Object(CodeIgniter\CodeIgniter))
11 FCPATH/index.php(56): CodeIgniter\Boot::bootWeb(Object(Config\Paths))
12 SYSTEMPATH/rewrite.php(44): require_once('/Users/taufi/Documents/Untitled/CodeIgniter4/public/index.php')
ERROR - 2025-01-09 08:45:13 --> Error connecting to the database: mysqli_sql_exception: Connection timed out in /home/u463924140/domains/blue-alpaca-681720.hostingersite.com/public_html/system/Database/MySQLi/Connection.php:186
Stack trace:
#0 /home/u463924140/domains/blue-alpaca-681720.hostingersite.com/public_html/system/Database/MySQLi/Connection.php(186): mysqli->real_connect()
#1 /home/u463924140/domains/blue-alpaca-681720.hostingersite.com/public_html/system/Database/BaseConnection.php(421): CodeIgniter\Database\MySQLi\Connection->connect()
#2 /home/u463924140/domains/blue-alpaca-681720.hostingersite.com/public_html/system/Database/BaseConnection.php(616): CodeIgniter\Database\BaseConnection->initialize()
#3 /home/u463924140/domains/blue-alpaca-681720.hostingersite.com/public_html/system/Database/BaseBuilder.php(1644): CodeIgniter\Database\BaseConnection->query()
#4 /home/u463924140/domains/blue-alpaca-681720.hostingersite.com/public_html/system/Model.php(330): CodeIgniter\Database\BaseBuilder->get()
#5 /home/u463924140/domains/blue-alpaca-681720.hostingersite.com/public_html/system/BaseModel.php(713): CodeIgniter\Model->doFirst()
#6 /home/u463924140/domains/blue-alpaca-681720.hostingersite.com/public_html/app/Controllers/AuthController.php(53): CodeIgniter\BaseModel->first()
#7 /home/u463924140/domains/blue-alpaca-681720.hostingersite.com/public_html/system/CodeIgniter.php(933): App\Controllers\AuthController->login()
#8 /home/u463924140/domains/blue-alpaca-681720.hostingersite.com/public_html/system/CodeIgniter.php(509): CodeIgniter\CodeIgniter->runController()
#9 /home/u463924140/domains/blue-alpaca-681720.hostingersite.com/public_html/system/CodeIgniter.php(355): CodeIgniter\CodeIgniter->handleRequest()
#10 /home/u463924140/domains/blue-alpaca-681720.hostingersite.com/public_html/system/Boot.php(325): CodeIgniter\CodeIgniter->run()
#11 /home/u463924140/domains/blue-alpaca-681720.hostingersite.com/public_html/system/Boot.php(67): CodeIgniter\Boot::runCodeIgniter()
#12 /home/u463924140/domains/blue-alpaca-681720.hostingersite.com/public_html/public/index.php(56): CodeIgniter\Boot::bootWeb()
#13 {main}

Next CodeIgniter\Database\Exceptions\DatabaseException: Connection timed out in /home/u463924140/domains/blue-alpaca-681720.hostingersite.com/public_html/system/Database/MySQLi/Connection.php:231
Stack trace:
#0 /home/u463924140/domains/blue-alpaca-681720.hostingersite.com/public_html/system/Database/BaseConnection.php(421): CodeIgniter\Database\MySQLi\Connection->connect()
#1 /home/u463924140/domains/blue-alpaca-681720.hostingersite.com/public_html/system/Database/BaseConnection.php(616): CodeIgniter\Database\BaseConnection->initialize()
#2 /home/u463924140/domains/blue-alpaca-681720.hostingersite.com/public_html/system/Database/BaseBuilder.php(1644): CodeIgniter\Database\BaseConnection->query()
#3 /home/u463924140/domains/blue-alpaca-681720.hostingersite.com/public_html/system/Model.php(330): CodeIgniter\Database\BaseBuilder->get()
#4 /home/u463924140/domains/blue-alpaca-681720.hostingersite.com/public_html/system/BaseModel.php(713): CodeIgniter\Model->doFirst()
#5 /home/u463924140/domains/blue-alpaca-681720.hostingersite.com/public_html/app/Controllers/AuthController.php(53): CodeIgniter\BaseModel->first()
#6 /home/u463924140/domains/blue-alpaca-681720.hostingersite.com/public_html/system/CodeIgniter.php(933): App\Controllers\AuthController->login()
#7 /home/u463924140/domains/blue-alpaca-681720.hostingersite.com/public_html/system/CodeIgniter.php(509): CodeIgniter\CodeIgniter->runController()
#8 /home/u463924140/domains/blue-alpaca-681720.hostingersite.com/public_html/system/CodeIgniter.php(355): CodeIgniter\CodeIgniter->handleRequest()
#9 /home/u463924140/domains/blue-alpaca-681720.hostingersite.com/public_html/system/Boot.php(325): CodeIgniter\CodeIgniter->run()
#10 /home/u463924140/domains/blue-alpaca-681720.hostingersite.com/public_html/system/Boot.php(67): CodeIgniter\Boot::runCodeIgniter()
#11 /home/u463924140/domains/blue-alpaca-681720.hostingersite.com/public_html/public/index.php(56): CodeIgniter\Boot::bootWeb()
#12 {main}
CRITICAL - 2025-01-09 08:45:13 --> CodeIgniter\Database\Exceptions\DatabaseException: Unable to connect to the database.
Main connection [MySQLi]: Connection timed out
[Method: POST, Route: auth/login]
in SYSTEMPATH/Database/BaseConnection.php on line 467.
 1 SYSTEMPATH/Database/BaseConnection.php(616): CodeIgniter\Database\BaseConnection->initialize()
 2 SYSTEMPATH/Database/BaseBuilder.php(1644): CodeIgniter\Database\BaseConnection->query()
 3 SYSTEMPATH/Model.php(330): CodeIgniter\Database\BaseBuilder->get()
 4 SYSTEMPATH/BaseModel.php(713): CodeIgniter\Model->doFirst()
 5 APPPATH/Controllers/AuthController.php(53): CodeIgniter\BaseModel->first()
 6 SYSTEMPATH/CodeIgniter.php(933): App\Controllers\AuthController->login()
 7 SYSTEMPATH/CodeIgniter.php(509): CodeIgniter\CodeIgniter->runController()
 8 SYSTEMPATH/CodeIgniter.php(355): CodeIgniter\CodeIgniter->handleRequest()
 9 SYSTEMPATH/Boot.php(325): CodeIgniter\CodeIgniter->run()
10 SYSTEMPATH/Boot.php(67): CodeIgniter\Boot::runCodeIgniter()
11 FCPATH/index.php(56): CodeIgniter\Boot::bootWeb()
ERROR - 2025-01-09 08:45:19 --> Error connecting to the database: mysqli_sql_exception: Connection timed out in /home/u463924140/domains/blue-alpaca-681720.hostingersite.com/public_html/system/Database/MySQLi/Connection.php:186
Stack trace:
#0 /home/u463924140/domains/blue-alpaca-681720.hostingersite.com/public_html/system/Database/MySQLi/Connection.php(186): mysqli->real_connect()
#1 /home/u463924140/domains/blue-alpaca-681720.hostingersite.com/public_html/system/Database/BaseConnection.php(421): CodeIgniter\Database\MySQLi\Connection->connect()
#2 /home/u463924140/domains/blue-alpaca-681720.hostingersite.com/public_html/system/Database/BaseConnection.php(616): CodeIgniter\Database\BaseConnection->initialize()
#3 /home/u463924140/domains/blue-alpaca-681720.hostingersite.com/public_html/system/Database/BaseBuilder.php(1644): CodeIgniter\Database\BaseConnection->query()
#4 /home/u463924140/domains/blue-alpaca-681720.hostingersite.com/public_html/system/Model.php(330): CodeIgniter\Database\BaseBuilder->get()
#5 /home/u463924140/domains/blue-alpaca-681720.hostingersite.com/public_html/system/BaseModel.php(713): CodeIgniter\Model->doFirst()
#6 /home/u463924140/domains/blue-alpaca-681720.hostingersite.com/public_html/app/Controllers/AuthController.php(53): CodeIgniter\BaseModel->first()
#7 /home/u463924140/domains/blue-alpaca-681720.hostingersite.com/public_html/system/CodeIgniter.php(933): App\Controllers\AuthController->login()
#8 /home/u463924140/domains/blue-alpaca-681720.hostingersite.com/public_html/system/CodeIgniter.php(509): CodeIgniter\CodeIgniter->runController()
#9 /home/u463924140/domains/blue-alpaca-681720.hostingersite.com/public_html/system/CodeIgniter.php(355): CodeIgniter\CodeIgniter->handleRequest()
#10 /home/u463924140/domains/blue-alpaca-681720.hostingersite.com/public_html/system/Boot.php(325): CodeIgniter\CodeIgniter->run()
#11 /home/u463924140/domains/blue-alpaca-681720.hostingersite.com/public_html/system/Boot.php(67): CodeIgniter\Boot::runCodeIgniter()
#12 /home/u463924140/domains/blue-alpaca-681720.hostingersite.com/public_html/public/index.php(56): CodeIgniter\Boot::bootWeb()
#13 {main}

Next CodeIgniter\Database\Exceptions\DatabaseException: Connection timed out in /home/u463924140/domains/blue-alpaca-681720.hostingersite.com/public_html/system/Database/MySQLi/Connection.php:231
Stack trace:
#0 /home/u463924140/domains/blue-alpaca-681720.hostingersite.com/public_html/system/Database/BaseConnection.php(421): CodeIgniter\Database\MySQLi\Connection->connect()
#1 /home/u463924140/domains/blue-alpaca-681720.hostingersite.com/public_html/system/Database/BaseConnection.php(616): CodeIgniter\Database\BaseConnection->initialize()
#2 /home/u463924140/domains/blue-alpaca-681720.hostingersite.com/public_html/system/Database/BaseBuilder.php(1644): CodeIgniter\Database\BaseConnection->query()
#3 /home/u463924140/domains/blue-alpaca-681720.hostingersite.com/public_html/system/Model.php(330): CodeIgniter\Database\BaseBuilder->get()
#4 /home/u463924140/domains/blue-alpaca-681720.hostingersite.com/public_html/system/BaseModel.php(713): CodeIgniter\Model->doFirst()
#5 /home/u463924140/domains/blue-alpaca-681720.hostingersite.com/public_html/app/Controllers/AuthController.php(53): CodeIgniter\BaseModel->first()
#6 /home/u463924140/domains/blue-alpaca-681720.hostingersite.com/public_html/system/CodeIgniter.php(933): App\Controllers\AuthController->login()
#7 /home/u463924140/domains/blue-alpaca-681720.hostingersite.com/public_html/system/CodeIgniter.php(509): CodeIgniter\CodeIgniter->runController()
#8 /home/u463924140/domains/blue-alpaca-681720.hostingersite.com/public_html/system/CodeIgniter.php(355): CodeIgniter\CodeIgniter->handleRequest()
#9 /home/u463924140/domains/blue-alpaca-681720.hostingersite.com/public_html/system/Boot.php(325): CodeIgniter\CodeIgniter->run()
#10 /home/u463924140/domains/blue-alpaca-681720.hostingersite.com/public_html/system/Boot.php(67): CodeIgniter\Boot::runCodeIgniter()
#11 /home/u463924140/domains/blue-alpaca-681720.hostingersite.com/public_html/public/index.php(56): CodeIgniter\Boot::bootWeb()
#12 {main}
CRITICAL - 2025-01-09 08:45:19 --> CodeIgniter\Database\Exceptions\DatabaseException: Unable to connect to the database.
Main connection [MySQLi]: Connection timed out
[Method: POST, Route: auth/login]
in SYSTEMPATH/Database/BaseConnection.php on line 467.
 1 SYSTEMPATH/Database/BaseConnection.php(616): CodeIgniter\Database\BaseConnection->initialize()
 2 SYSTEMPATH/Database/BaseBuilder.php(1644): CodeIgniter\Database\BaseConnection->query()
 3 SYSTEMPATH/Model.php(330): CodeIgniter\Database\BaseBuilder->get()
 4 SYSTEMPATH/BaseModel.php(713): CodeIgniter\Model->doFirst()
 5 APPPATH/Controllers/AuthController.php(53): CodeIgniter\BaseModel->first()
 6 SYSTEMPATH/CodeIgniter.php(933): App\Controllers\AuthController->login()
 7 SYSTEMPATH/CodeIgniter.php(509): CodeIgniter\CodeIgniter->runController()
 8 SYSTEMPATH/CodeIgniter.php(355): CodeIgniter\CodeIgniter->handleRequest()
 9 SYSTEMPATH/Boot.php(325): CodeIgniter\CodeIgniter->run()
10 SYSTEMPATH/Boot.php(67): CodeIgniter\Boot::runCodeIgniter()
11 FCPATH/index.php(56): CodeIgniter\Boot::bootWeb()
ERROR - 2025-01-09 08:45:33 --> Error connecting to the database: mysqli_sql_exception: Connection timed out in /home/u463924140/domains/blue-alpaca-681720.hostingersite.com/public_html/system/Database/MySQLi/Connection.php:186
Stack trace:
#0 /home/u463924140/domains/blue-alpaca-681720.hostingersite.com/public_html/system/Database/MySQLi/Connection.php(186): mysqli->real_connect()
#1 /home/u463924140/domains/blue-alpaca-681720.hostingersite.com/public_html/system/Database/BaseConnection.php(421): CodeIgniter\Database\MySQLi\Connection->connect()
#2 /home/u463924140/domains/blue-alpaca-681720.hostingersite.com/public_html/system/Database/BaseConnection.php(616): CodeIgniter\Database\BaseConnection->initialize()
#3 /home/u463924140/domains/blue-alpaca-681720.hostingersite.com/public_html/system/Database/BaseBuilder.php(1644): CodeIgniter\Database\BaseConnection->query()
#4 /home/u463924140/domains/blue-alpaca-681720.hostingersite.com/public_html/system/Model.php(330): CodeIgniter\Database\BaseBuilder->get()
#5 /home/u463924140/domains/blue-alpaca-681720.hostingersite.com/public_html/system/BaseModel.php(713): CodeIgniter\Model->doFirst()
#6 /home/u463924140/domains/blue-alpaca-681720.hostingersite.com/public_html/app/Controllers/AuthController.php(53): CodeIgniter\BaseModel->first()
#7 /home/u463924140/domains/blue-alpaca-681720.hostingersite.com/public_html/system/CodeIgniter.php(933): App\Controllers\AuthController->login()
#8 /home/u463924140/domains/blue-alpaca-681720.hostingersite.com/public_html/system/CodeIgniter.php(509): CodeIgniter\CodeIgniter->runController()
#9 /home/u463924140/domains/blue-alpaca-681720.hostingersite.com/public_html/system/CodeIgniter.php(355): CodeIgniter\CodeIgniter->handleRequest()
#10 /home/u463924140/domains/blue-alpaca-681720.hostingersite.com/public_html/system/Boot.php(325): CodeIgniter\CodeIgniter->run()
#11 /home/u463924140/domains/blue-alpaca-681720.hostingersite.com/public_html/system/Boot.php(67): CodeIgniter\Boot::runCodeIgniter()
#12 /home/u463924140/domains/blue-alpaca-681720.hostingersite.com/public_html/public/index.php(56): CodeIgniter\Boot::bootWeb()
#13 {main}

Next CodeIgniter\Database\Exceptions\DatabaseException: Connection timed out in /home/u463924140/domains/blue-alpaca-681720.hostingersite.com/public_html/system/Database/MySQLi/Connection.php:231
Stack trace:
#0 /home/u463924140/domains/blue-alpaca-681720.hostingersite.com/public_html/system/Database/BaseConnection.php(421): CodeIgniter\Database\MySQLi\Connection->connect()
#1 /home/u463924140/domains/blue-alpaca-681720.hostingersite.com/public_html/system/Database/BaseConnection.php(616): CodeIgniter\Database\BaseConnection->initialize()
#2 /home/u463924140/domains/blue-alpaca-681720.hostingersite.com/public_html/system/Database/BaseBuilder.php(1644): CodeIgniter\Database\BaseConnection->query()
#3 /home/u463924140/domains/blue-alpaca-681720.hostingersite.com/public_html/system/Model.php(330): CodeIgniter\Database\BaseBuilder->get()
#4 /home/u463924140/domains/blue-alpaca-681720.hostingersite.com/public_html/system/BaseModel.php(713): CodeIgniter\Model->doFirst()
#5 /home/u463924140/domains/blue-alpaca-681720.hostingersite.com/public_html/app/Controllers/AuthController.php(53): CodeIgniter\BaseModel->first()
#6 /home/u463924140/domains/blue-alpaca-681720.hostingersite.com/public_html/system/CodeIgniter.php(933): App\Controllers\AuthController->login()
#7 /home/u463924140/domains/blue-alpaca-681720.hostingersite.com/public_html/system/CodeIgniter.php(509): CodeIgniter\CodeIgniter->runController()
#8 /home/u463924140/domains/blue-alpaca-681720.hostingersite.com/public_html/system/CodeIgniter.php(355): CodeIgniter\CodeIgniter->handleRequest()
#9 /home/u463924140/domains/blue-alpaca-681720.hostingersite.com/public_html/system/Boot.php(325): CodeIgniter\CodeIgniter->run()
#10 /home/u463924140/domains/blue-alpaca-681720.hostingersite.com/public_html/system/Boot.php(67): CodeIgniter\Boot::runCodeIgniter()
#11 /home/u463924140/domains/blue-alpaca-681720.hostingersite.com/public_html/public/index.php(56): CodeIgniter\Boot::bootWeb()
#12 {main}
CRITICAL - 2025-01-09 08:45:33 --> CodeIgniter\Database\Exceptions\DatabaseException: Unable to connect to the database.
Main connection [MySQLi]: Connection timed out
[Method: POST, Route: auth/login]
in SYSTEMPATH/Database/BaseConnection.php on line 467.
 1 SYSTEMPATH/Database/BaseConnection.php(616): CodeIgniter\Database\BaseConnection->initialize()
 2 SYSTEMPATH/Database/BaseBuilder.php(1644): CodeIgniter\Database\BaseConnection->query()
 3 SYSTEMPATH/Model.php(330): CodeIgniter\Database\BaseBuilder->get()
 4 SYSTEMPATH/BaseModel.php(713): CodeIgniter\Model->doFirst()
 5 APPPATH/Controllers/AuthController.php(53): CodeIgniter\BaseModel->first()
 6 SYSTEMPATH/CodeIgniter.php(933): App\Controllers\AuthController->login()
 7 SYSTEMPATH/CodeIgniter.php(509): CodeIgniter\CodeIgniter->runController()
 8 SYSTEMPATH/CodeIgniter.php(355): CodeIgniter\CodeIgniter->handleRequest()
 9 SYSTEMPATH/Boot.php(325): CodeIgniter\CodeIgniter->run()
10 SYSTEMPATH/Boot.php(67): CodeIgniter\Boot::runCodeIgniter()
11 FCPATH/index.php(56): CodeIgniter\Boot::bootWeb()
ERROR - 2025-01-09 08:45:45 --> Error connecting to the database: mysqli_sql_exception: Connection timed out in /home/u463924140/domains/blue-alpaca-681720.hostingersite.com/public_html/system/Database/MySQLi/Connection.php:186
Stack trace:
#0 /home/u463924140/domains/blue-alpaca-681720.hostingersite.com/public_html/system/Database/MySQLi/Connection.php(186): mysqli->real_connect()
#1 /home/u463924140/domains/blue-alpaca-681720.hostingersite.com/public_html/system/Database/BaseConnection.php(421): CodeIgniter\Database\MySQLi\Connection->connect()
#2 /home/u463924140/domains/blue-alpaca-681720.hostingersite.com/public_html/system/Database/BaseConnection.php(616): CodeIgniter\Database\BaseConnection->initialize()
#3 /home/u463924140/domains/blue-alpaca-681720.hostingersite.com/public_html/system/Database/BaseBuilder.php(1644): CodeIgniter\Database\BaseConnection->query()
#4 /home/u463924140/domains/blue-alpaca-681720.hostingersite.com/public_html/system/Model.php(330): CodeIgniter\Database\BaseBuilder->get()
#5 /home/u463924140/domains/blue-alpaca-681720.hostingersite.com/public_html/system/BaseModel.php(713): CodeIgniter\Model->doFirst()
#6 /home/u463924140/domains/blue-alpaca-681720.hostingersite.com/public_html/app/Controllers/AuthController.php(53): CodeIgniter\BaseModel->first()
#7 /home/u463924140/domains/blue-alpaca-681720.hostingersite.com/public_html/system/CodeIgniter.php(933): App\Controllers\AuthController->login()
#8 /home/u463924140/domains/blue-alpaca-681720.hostingersite.com/public_html/system/CodeIgniter.php(509): CodeIgniter\CodeIgniter->runController()
#9 /home/u463924140/domains/blue-alpaca-681720.hostingersite.com/public_html/system/CodeIgniter.php(355): CodeIgniter\CodeIgniter->handleRequest()
#10 /home/u463924140/domains/blue-alpaca-681720.hostingersite.com/public_html/system/Boot.php(325): CodeIgniter\CodeIgniter->run()
#11 /home/u463924140/domains/blue-alpaca-681720.hostingersite.com/public_html/system/Boot.php(67): CodeIgniter\Boot::runCodeIgniter()
#12 /home/u463924140/domains/blue-alpaca-681720.hostingersite.com/public_html/public/index.php(56): CodeIgniter\Boot::bootWeb()
#13 {main}

Next CodeIgniter\Database\Exceptions\DatabaseException: Connection timed out in /home/u463924140/domains/blue-alpaca-681720.hostingersite.com/public_html/system/Database/MySQLi/Connection.php:231
Stack trace:
#0 /home/u463924140/domains/blue-alpaca-681720.hostingersite.com/public_html/system/Database/BaseConnection.php(421): CodeIgniter\Database\MySQLi\Connection->connect()
#1 /home/u463924140/domains/blue-alpaca-681720.hostingersite.com/public_html/system/Database/BaseConnection.php(616): CodeIgniter\Database\BaseConnection->initialize()
#2 /home/u463924140/domains/blue-alpaca-681720.hostingersite.com/public_html/system/Database/BaseBuilder.php(1644): CodeIgniter\Database\BaseConnection->query()
#3 /home/u463924140/domains/blue-alpaca-681720.hostingersite.com/public_html/system/Model.php(330): CodeIgniter\Database\BaseBuilder->get()
#4 /home/u463924140/domains/blue-alpaca-681720.hostingersite.com/public_html/system/BaseModel.php(713): CodeIgniter\Model->doFirst()
#5 /home/u463924140/domains/blue-alpaca-681720.hostingersite.com/public_html/app/Controllers/AuthController.php(53): CodeIgniter\BaseModel->first()
#6 /home/u463924140/domains/blue-alpaca-681720.hostingersite.com/public_html/system/CodeIgniter.php(933): App\Controllers\AuthController->login()
#7 /home/u463924140/domains/blue-alpaca-681720.hostingersite.com/public_html/system/CodeIgniter.php(509): CodeIgniter\CodeIgniter->runController()
#8 /home/u463924140/domains/blue-alpaca-681720.hostingersite.com/public_html/system/CodeIgniter.php(355): CodeIgniter\CodeIgniter->handleRequest()
#9 /home/u463924140/domains/blue-alpaca-681720.hostingersite.com/public_html/system/Boot.php(325): CodeIgniter\CodeIgniter->run()
#10 /home/u463924140/domains/blue-alpaca-681720.hostingersite.com/public_html/system/Boot.php(67): CodeIgniter\Boot::runCodeIgniter()
#11 /home/u463924140/domains/blue-alpaca-681720.hostingersite.com/public_html/public/index.php(56): CodeIgniter\Boot::bootWeb()
#12 {main}
CRITICAL - 2025-01-09 08:45:45 --> CodeIgniter\Database\Exceptions\DatabaseException: Unable to connect to the database.
Main connection [MySQLi]: Connection timed out
[Method: POST, Route: auth/login]
in SYSTEMPATH/Database/BaseConnection.php on line 467.
 1 SYSTEMPATH/Database/BaseConnection.php(616): CodeIgniter\Database\BaseConnection->initialize()
 2 SYSTEMPATH/Database/BaseBuilder.php(1644): CodeIgniter\Database\BaseConnection->query()
 3 SYSTEMPATH/Model.php(330): CodeIgniter\Database\BaseBuilder->get()
 4 SYSTEMPATH/BaseModel.php(713): CodeIgniter\Model->doFirst()
 5 APPPATH/Controllers/AuthController.php(53): CodeIgniter\BaseModel->first()
 6 SYSTEMPATH/CodeIgniter.php(933): App\Controllers\AuthController->login()
 7 SYSTEMPATH/CodeIgniter.php(509): CodeIgniter\CodeIgniter->runController()
 8 SYSTEMPATH/CodeIgniter.php(355): CodeIgniter\CodeIgniter->handleRequest()
 9 SYSTEMPATH/Boot.php(325): CodeIgniter\CodeIgniter->run()
10 SYSTEMPATH/Boot.php(67): CodeIgniter\Boot::runCodeIgniter()
11 FCPATH/index.php(56): CodeIgniter\Boot::bootWeb()
DEBUG - 2025-01-09 13:30:28 --> Session: Class initialized using 'CodeIgniter\Session\Handlers\FileHandler' driver.
DEBUG - 2025-01-09 13:30:28 --> Session: Class initialized using 'CodeIgniter\Session\Handlers\FileHandler' driver.
CRITICAL - 2025-01-09 13:30:28 --> Error: Class "App\Filters\Services" not found
[Method: GET, Route: maintenance]
in APPPATH/Filters/AuthFilter.php on line 15.
 1 SYSTEMPATH/Filters/Filters.php(203): App\Filters\AuthFilter->before()
 2 SYSTEMPATH/Filters/Filters.php(184): CodeIgniter\Filters\Filters->runBefore()
 3 SYSTEMPATH/CodeIgniter.php(481): CodeIgniter\Filters\Filters->run()
 4 SYSTEMPATH/CodeIgniter.php(355): CodeIgniter\CodeIgniter->handleRequest()
 5 SYSTEMPATH/Boot.php(325): CodeIgniter\CodeIgniter->run()
 6 SYSTEMPATH/Boot.php(67): CodeIgniter\Boot::runCodeIgniter()
 7 FCPATH/index.php(56): CodeIgniter\Boot::bootWeb()
CRITICAL - 2025-01-09 13:30:28 --> Error: Class "App\Filters\Services" not found
[Method: GET, Route: maintenance/stats]
in APPPATH/Filters/AuthFilter.php on line 15.
 1 SYSTEMPATH/Filters/Filters.php(203): App\Filters\AuthFilter->before()
 2 SYSTEMPATH/Filters/Filters.php(184): CodeIgniter\Filters\Filters->runBefore()
 3 SYSTEMPATH/CodeIgniter.php(481): CodeIgniter\Filters\Filters->run()
 4 SYSTEMPATH/CodeIgniter.php(355): CodeIgniter\CodeIgniter->handleRequest()
 5 SYSTEMPATH/Boot.php(325): CodeIgniter\CodeIgniter->run()
 6 SYSTEMPATH/Boot.php(67): CodeIgniter\Boot::runCodeIgniter()
 7 FCPATH/index.php(56): CodeIgniter\Boot::bootWeb()
DEBUG - 2025-01-09 13:30:30 --> Session: Class initialized using 'CodeIgniter\Session\Handlers\FileHandler' driver.
CRITICAL - 2025-01-09 13:30:30 --> Error: Class "App\Filters\Services" not found
[Method: GET, Route: maintenance/stats]
in APPPATH/Filters/AuthFilter.php on line 15.
 1 SYSTEMPATH/Filters/Filters.php(203): App\Filters\AuthFilter->before()
 2 SYSTEMPATH/Filters/Filters.php(184): CodeIgniter\Filters\Filters->runBefore()
 3 SYSTEMPATH/CodeIgniter.php(481): CodeIgniter\Filters\Filters->run()
 4 SYSTEMPATH/CodeIgniter.php(355): CodeIgniter\CodeIgniter->handleRequest()
 5 SYSTEMPATH/Boot.php(325): CodeIgniter\CodeIgniter->run()
 6 SYSTEMPATH/Boot.php(67): CodeIgniter\Boot::runCodeIgniter()
 7 FCPATH/index.php(56): CodeIgniter\Boot::bootWeb()
DEBUG - 2025-01-09 13:30:30 --> Session: Class initialized using 'CodeIgniter\Session\Handlers\FileHandler' driver.
CRITICAL - 2025-01-09 13:30:30 --> Error: Class "App\Filters\Services" not found
[Method: GET, Route: maintenance]
in APPPATH/Filters/AuthFilter.php on line 15.
 1 SYSTEMPATH/Filters/Filters.php(203): App\Filters\AuthFilter->before()
 2 SYSTEMPATH/Filters/Filters.php(184): CodeIgniter\Filters\Filters->runBefore()
 3 SYSTEMPATH/CodeIgniter.php(481): CodeIgniter\Filters\Filters->run()
 4 SYSTEMPATH/CodeIgniter.php(355): CodeIgniter\CodeIgniter->handleRequest()
 5 SYSTEMPATH/Boot.php(325): CodeIgniter\CodeIgniter->run()
 6 SYSTEMPATH/Boot.php(67): CodeIgniter\Boot::runCodeIgniter()
 7 FCPATH/index.php(56): CodeIgniter\Boot::bootWeb()
DEBUG - 2025-01-09 13:31:39 --> Session: Class initialized using 'CodeIgniter\Session\Handlers\FileHandler' driver.
CRITICAL - 2025-01-09 13:31:39 --> Error: Class "App\Filters\Services" not found
[Method: GET, Route: maintenance/stats]
in APPPATH/Filters/AuthFilter.php on line 15.
 1 SYSTEMPATH/Filters/Filters.php(203): App\Filters\AuthFilter->before()
 2 SYSTEMPATH/Filters/Filters.php(184): CodeIgniter\Filters\Filters->runBefore()
 3 SYSTEMPATH/CodeIgniter.php(481): CodeIgniter\Filters\Filters->run()
 4 SYSTEMPATH/CodeIgniter.php(355): CodeIgniter\CodeIgniter->handleRequest()
 5 SYSTEMPATH/Boot.php(325): CodeIgniter\CodeIgniter->run()
 6 SYSTEMPATH/Boot.php(67): CodeIgniter\Boot::runCodeIgniter()
 7 FCPATH/index.php(56): CodeIgniter\Boot::bootWeb()
DEBUG - 2025-01-09 13:33:26 --> Session: Class initialized using 'CodeIgniter\Session\Handlers\FileHandler' driver.
DEBUG - 2025-01-09 13:33:26 --> Session: Class initialized using 'CodeIgniter\Session\Handlers\FileHandler' driver.
DEBUG - 2025-01-09 13:33:27 --> Session: Class initialized using 'CodeIgniter\Session\Handlers\FileHandler' driver.
DEBUG - 2025-01-09 13:33:27 --> Session: Class initialized using 'CodeIgniter\Session\Handlers\FileHandler' driver.
DEBUG - 2025-01-09 13:33:28 --> Session: Class initialized using 'CodeIgniter\Session\Handlers\FileHandler' driver.
DEBUG - 2025-01-09 13:33:28 --> Session: Class initialized using 'CodeIgniter\Session\Handlers\FileHandler' driver.
DEBUG - 2025-01-09 13:33:28 --> Session: Class initialized using 'CodeIgniter\Session\Handlers\FileHandler' driver.
DEBUG - 2025-01-09 13:33:28 --> Session: Class initialized using 'CodeIgniter\Session\Handlers\FileHandler' driver.
DEBUG - 2025-01-09 13:33:28 --> Session: Class initialized using 'CodeIgniter\Session\Handlers\FileHandler' driver.
DEBUG - 2025-01-09 13:33:28 --> Session: Class initialized using 'CodeIgniter\Session\Handlers\FileHandler' driver.
DEBUG - 2025-01-09 13:33:28 --> Session: Class initialized using 'CodeIgniter\Session\Handlers\FileHandler' driver.
DEBUG - 2025-01-09 13:33:28 --> Session: Class initialized using 'CodeIgniter\Session\Handlers\FileHandler' driver.
DEBUG - 2025-01-09 13:33:35 --> Session: Class initialized using 'CodeIgniter\Session\Handlers\FileHandler' driver.
DEBUG - 2025-01-09 13:33:40 --> Session: Class initialized using 'CodeIgniter\Session\Handlers\FileHandler' driver.
DEBUG - 2025-01-09 13:33:40 --> Session: Class initialized using 'CodeIgniter\Session\Handlers\FileHandler' driver.
DEBUG - 2025-01-09 13:33:41 --> Session: Class initialized using 'CodeIgniter\Session\Handlers\FileHandler' driver.
DEBUG - 2025-01-09 13:33:41 --> Session: Class initialized using 'CodeIgniter\Session\Handlers\FileHandler' driver.
DEBUG - 2025-01-09 13:33:41 --> Session: Class initialized using 'CodeIgniter\Session\Handlers\FileHandler' driver.
DEBUG - 2025-01-09 13:33:41 --> Session: Class initialized using 'CodeIgniter\Session\Handlers\FileHandler' driver.
DEBUG - 2025-01-09 13:33:41 --> Session: Class initialized using 'CodeIgniter\Session\Handlers\FileHandler' driver.
DEBUG - 2025-01-09 13:33:41 --> Session: Class initialized using 'CodeIgniter\Session\Handlers\FileHandler' driver.
DEBUG - 2025-01-09 14:00:13 --> Session: Class initialized using 'CodeIgniter\Session\Handlers\FileHandler' driver.
DEBUG - 2025-01-09 14:00:14 --> Session: Class initialized using 'CodeIgniter\Session\Handlers\FileHandler' driver.
DEBUG - 2025-01-09 14:00:14 --> Session: Class initialized using 'CodeIgniter\Session\Handlers\FileHandler' driver.
DEBUG - 2025-01-09 14:00:17 --> Session: Class initialized using 'CodeIgniter\Session\Handlers\FileHandler' driver.
DEBUG - 2025-01-09 14:02:56 --> Session: Class initialized using 'CodeIgniter\Session\Handlers\FileHandler' driver.
DEBUG - 2025-01-09 14:02:56 --> Session: Class initialized using 'CodeIgniter\Session\Handlers\FileHandler' driver.
DEBUG - 2025-01-09 14:03:01 --> Session: Class initialized using 'CodeIgniter\Session\Handlers\FileHandler' driver.
DEBUG - 2025-01-09 14:03:06 --> Session: Class initialized using 'CodeIgniter\Session\Handlers\FileHandler' driver.
DEBUG - 2025-01-09 14:03:06 --> Session: Class initialized using 'CodeIgniter\Session\Handlers\FileHandler' driver.
DEBUG - 2025-01-09 14:03:10 --> Session: Class initialized using 'CodeIgniter\Session\Handlers\FileHandler' driver.
DEBUG - 2025-01-09 14:04:16 --> Session: Class initialized using 'CodeIgniter\Session\Handlers\FileHandler' driver.
DEBUG - 2025-01-09 14:04:16 --> Session: Class initialized using 'CodeIgniter\Session\Handlers\FileHandler' driver.
DEBUG - 2025-01-09 14:04:21 --> Session: Class initialized using 'CodeIgniter\Session\Handlers\FileHandler' driver.
DEBUG - 2025-01-09 14:04:33 --> Session: Class initialized using 'CodeIgniter\Session\Handlers\FileHandler' driver.
DEBUG - 2025-01-09 14:04:33 --> Session: Class initialized using 'CodeIgniter\Session\Handlers\FileHandler' driver.
DEBUG - 2025-01-09 14:04:41 --> Session: Class initialized using 'CodeIgniter\Session\Handlers\FileHandler' driver.
DEBUG - 2025-01-09 14:04:47 --> Session: Class initialized using 'CodeIgniter\Session\Handlers\FileHandler' driver.
DEBUG - 2025-01-09 14:04:47 --> Session: Class initialized using 'CodeIgniter\Session\Handlers\FileHandler' driver.
DEBUG - 2025-01-09 14:04:47 --> Session: Class initialized using 'CodeIgniter\Session\Handlers\FileHandler' driver.
DEBUG - 2025-01-09 14:04:50 --> Session: Class initialized using 'CodeIgniter\Session\Handlers\FileHandler' driver.
DEBUG - 2025-01-09 14:05:38 --> Session: Class initialized using 'CodeIgniter\Session\Handlers\FileHandler' driver.
DEBUG - 2025-01-09 14:05:38 --> Session: Class initialized using 'CodeIgniter\Session\Handlers\FileHandler' driver.
DEBUG - 2025-01-09 14:05:41 --> Session: Class initialized using 'CodeIgniter\Session\Handlers\FileHandler' driver.
DEBUG - 2025-01-09 14:05:47 --> Session: Class initialized using 'CodeIgniter\Session\Handlers\FileHandler' driver.
DEBUG - 2025-01-09 14:05:53 --> Session: Class initialized using 'CodeIgniter\Session\Handlers\FileHandler' driver.
DEBUG - 2025-01-09 14:07:25 --> Session: Class initialized using 'CodeIgniter\Session\Handlers\FileHandler' driver.
DEBUG - 2025-01-09 14:07:30 --> Session: Class initialized using 'CodeIgniter\Session\Handlers\FileHandler' driver.
DEBUG - 2025-01-09 14:07:30 --> Session: Class initialized using 'CodeIgniter\Session\Handlers\FileHandler' driver.
DEBUG - 2025-01-09 14:07:30 --> Session: Class initialized using 'CodeIgniter\Session\Handlers\FileHandler' driver.
DEBUG - 2025-01-09 14:07:32 --> Session: Class initialized using 'CodeIgniter\Session\Handlers\FileHandler' driver.
DEBUG - 2025-01-09 14:08:44 --> Session: Class initialized using 'CodeIgniter\Session\Handlers\FileHandler' driver.
DEBUG - 2025-01-09 14:10:26 --> Session: Class initialized using 'CodeIgniter\Session\Handlers\FileHandler' driver.
DEBUG - 2025-01-09 14:10:26 --> Session: Class initialized using 'CodeIgniter\Session\Handlers\FileHandler' driver.
DEBUG - 2025-01-09 14:10:28 --> Session: Class initialized using 'CodeIgniter\Session\Handlers\FileHandler' driver.
DEBUG - 2025-01-09 14:10:35 --> Session: Class initialized using 'CodeIgniter\Session\Handlers\FileHandler' driver.
DEBUG - 2025-01-09 14:12:16 --> Session: Class initialized using 'CodeIgniter\Session\Handlers\FileHandler' driver.
DEBUG - 2025-01-09 14:12:23 --> Session: Class initialized using 'CodeIgniter\Session\Handlers\FileHandler' driver.
DEBUG - 2025-01-09 14:12:27 --> Session: Class initialized using 'CodeIgniter\Session\Handlers\FileHandler' driver.
DEBUG - 2025-01-09 15:04:45 --> Session: Class initialized using 'CodeIgniter\Session\Handlers\FileHandler' driver.
DEBUG - 2025-01-09 15:04:45 --> Session: Class initialized using 'CodeIgniter\Session\Handlers\FileHandler' driver.
DEBUG - 2025-01-09 15:04:45 --> Session: Class initialized using 'CodeIgniter\Session\Handlers\FileHandler' driver.
DEBUG - 2025-01-09 15:04:49 --> Session: Class initialized using 'CodeIgniter\Session\Handlers\FileHandler' driver.
DEBUG - 2025-01-09 15:08:00 --> Session: Class initialized using 'CodeIgniter\Session\Handlers\FileHandler' driver.
DEBUG - 2025-01-09 15:08:00 --> Session: Class initialized using 'CodeIgniter\Session\Handlers\FileHandler' driver.
DEBUG - 2025-01-09 15:08:06 --> Session: Class initialized using 'CodeIgniter\Session\Handlers\FileHandler' driver.
DEBUG - 2025-01-09 15:08:10 --> Session: Class initialized using 'CodeIgniter\Session\Handlers\FileHandler' driver.
DEBUG - 2025-01-09 15:08:14 --> Session: Class initialized using 'CodeIgniter\Session\Handlers\FileHandler' driver.
DEBUG - 2025-01-09 15:08:15 --> Session: Class initialized using 'CodeIgniter\Session\Handlers\FileHandler' driver.
DEBUG - 2025-01-09 15:08:25 --> Session: Class initialized using 'CodeIgniter\Session\Handlers\FileHandler' driver.
DEBUG - 2025-01-09 15:08:25 --> Session: Class initialized using 'CodeIgniter\Session\Handlers\FileHandler' driver.
DEBUG - 2025-01-09 15:08:25 --> Session: Class initialized using 'CodeIgniter\Session\Handlers\FileHandler' driver.
DEBUG - 2025-01-09 15:08:28 --> Session: Class initialized using 'CodeIgniter\Session\Handlers\FileHandler' driver.
DEBUG - 2025-01-09 15:09:28 --> Session: Class initialized using 'CodeIgniter\Session\Handlers\FileHandler' driver.
DEBUG - 2025-01-09 15:09:28 --> Session: Class initialized using 'CodeIgniter\Session\Handlers\FileHandler' driver.
DEBUG - 2025-01-09 15:09:33 --> Session: Class initialized using 'CodeIgniter\Session\Handlers\FileHandler' driver.
DEBUG - 2025-01-09 15:09:52 --> Session: Class initialized using 'CodeIgniter\Session\Handlers\FileHandler' driver.
DEBUG - 2025-01-09 15:09:52 --> Session: Class initialized using 'CodeIgniter\Session\Handlers\FileHandler' driver.
DEBUG - 2025-01-09 15:09:55 --> Session: Class initialized using 'CodeIgniter\Session\Handlers\FileHandler' driver.
DEBUG - 2025-01-09 15:10:26 --> Session: Class initialized using 'CodeIgniter\Session\Handlers\FileHandler' driver.
DEBUG - 2025-01-09 15:10:26 --> Session: Class initialized using 'CodeIgniter\Session\Handlers\FileHandler' driver.
DEBUG - 2025-01-09 15:10:30 --> Session: Class initialized using 'CodeIgniter\Session\Handlers\FileHandler' driver.
DEBUG - 2025-01-09 15:16:51 --> Session: Class initialized using 'CodeIgniter\Session\Handlers\FileHandler' driver.
DEBUG - 2025-01-09 15:18:48 --> Session: Class initialized using 'CodeIgniter\Session\Handlers\FileHandler' driver.
DEBUG - 2025-01-09 15:19:05 --> Session: Class initialized using 'CodeIgniter\Session\Handlers\FileHandler' driver.
DEBUG - 2025-01-09 15:19:49 --> Session: Class initialized using 'CodeIgniter\Session\Handlers\FileHandler' driver.
DEBUG - 2025-01-09 15:20:20 --> Session: Class initialized using 'CodeIgniter\Session\Handlers\FileHandler' driver.
DEBUG - 2025-01-09 15:20:28 --> Session: Class initialized using 'CodeIgniter\Session\Handlers\FileHandler' driver.
DEBUG - 2025-01-09 15:22:53 --> Session: Class initialized using 'CodeIgniter\Session\Handlers\FileHandler' driver.
DEBUG - 2025-01-09 15:22:53 --> Session: Class initialized using 'CodeIgniter\Session\Handlers\FileHandler' driver.
DEBUG - 2025-01-09 15:22:54 --> Session: Class initialized using 'CodeIgniter\Session\Handlers\FileHandler' driver.
DEBUG - 2025-01-09 15:22:59 --> Session: Class initialized using 'CodeIgniter\Session\Handlers\FileHandler' driver.
DEBUG - 2025-01-09 15:23:30 --> Session: Class initialized using 'CodeIgniter\Session\Handlers\FileHandler' driver.
DEBUG - 2025-01-09 15:23:57 --> Session: Class initialized using 'CodeIgniter\Session\Handlers\FileHandler' driver.
DEBUG - 2025-01-09 15:24:36 --> Session: Class initialized using 'CodeIgniter\Session\Handlers\FileHandler' driver.
CRITICAL - 2025-01-09 15:45:03 --> ErrorException: Type of Config\Filters::$globals must be array (as in class CodeIgniter\Config\Filters)
[Method: GET, Route: report]
in APPPATH/Config/Filters.php on line 16.
 1 [internal function]: CodeIgniter\Debug\Exceptions->shutdownHandler()
CRITICAL - 2025-01-09 15:45:13 --> ErrorException: Type of Config\Filters::$globals must be array (as in class CodeIgniter\Config\Filters)
[Method: GET, Route: report]
in APPPATH/Config/Filters.php on line 16.
 1 [internal function]: CodeIgniter\Debug\Exceptions->shutdownHandler()
CRITICAL - 2025-01-09 15:45:22 --> ErrorException: Type of Config\Filters::$globals must be array (as in class CodeIgniter\Config\Filters)
[Method: GET, Route: report]
in APPPATH/Config/Filters.php on line 16.
 1 [internal function]: CodeIgniter\Debug\Exceptions->shutdownHandler()
CRITICAL - 2025-01-09 15:45:22 --> ErrorException: Type of Config\Filters::$globals must be array (as in class CodeIgniter\Config\Filters)
[Method: GET, Route: report]
in APPPATH/Config/Filters.php on line 16.
 1 [internal function]: CodeIgniter\Debug\Exceptions->shutdownHandler()
CRITICAL - 2025-01-09 15:45:53 --> ErrorException: Type of Config\Filters::$globals must be array (as in class CodeIgniter\Config\Filters)
[Method: GET, Route: report]
in APPPATH/Config/Filters.php on line 16.
 1 [internal function]: CodeIgniter\Debug\Exceptions->shutdownHandler()
CRITICAL - 2025-01-09 15:47:42 --> ErrorException: Type of Config\Filters::$globals must be array (as in class CodeIgniter\Config\Filters)
[Method: OPTIONS, Route: report]
in APPPATH/Config/Filters.php on line 16.
 1 [internal function]: CodeIgniter\Debug\Exceptions->shutdownHandler()
CRITICAL - 2025-01-09 15:47:42 --> ErrorException: Type of Config\Filters::$globals must be array (as in class CodeIgniter\Config\Filters)
[Method: OPTIONS, Route: report]
in APPPATH/Config/Filters.php on line 16.
 1 [internal function]: CodeIgniter\Debug\Exceptions->shutdownHandler()
CRITICAL - 2025-01-09 15:47:42 --> ErrorException: Type of Config\Filters::$globals must be array (as in class CodeIgniter\Config\Filters)
[Method: OPTIONS, Route: report]
in APPPATH/Config/Filters.php on line 16.
 1 [internal function]: CodeIgniter\Debug\Exceptions->shutdownHandler()
CRITICAL - 2025-01-09 15:47:42 --> ErrorException: Type of Config\Filters::$globals must be array (as in class CodeIgniter\Config\Filters)
[Method: OPTIONS, Route: report]
in APPPATH/Config/Filters.php on line 16.
 1 [internal function]: CodeIgniter\Debug\Exceptions->shutdownHandler()
CRITICAL - 2025-01-09 15:47:48 --> ErrorException: Type of Config\Filters::$globals must be array (as in class CodeIgniter\Config\Filters)
[Method: OPTIONS, Route: report]
in APPPATH/Config/Filters.php on line 16.
 1 [internal function]: CodeIgniter\Debug\Exceptions->shutdownHandler()
CRITICAL - 2025-01-09 15:47:48 --> ErrorException: Type of Config\Filters::$globals must be array (as in class CodeIgniter\Config\Filters)
[Method: OPTIONS, Route: report]
in APPPATH/Config/Filters.php on line 16.
 1 [internal function]: CodeIgniter\Debug\Exceptions->shutdownHandler()
